<?xml version="1.0" encoding="UTF-8"?>
<service serviceId="ce8f01c0-ab78-11e2-9e96-0800200c9a66">
  <link href="https://nsa2 example.org/discovery/services/ce8f01c0-ab78-11e2-9e96-0800200c9a66" rel="self"/>
  <serviceReference serviceType="application/vnd.org/ogf.nsi.discovery.v1+xml" describedBy="http://nsa2.example.org/discovery/wadl" href="https://nsa2.example.org/discovery"/>
  <providedBy nsaId="urn:ogf:network:example.org:2013:nsa2">
      <link href="https://nsa2.example.org/discovery/nsas/urn%3Aogf%3Anetwork%3Aexample.org%3A2013%3Ansa2" rel="via"/>
  </providedBy>
</service>